<?xml version="1.0" encoding="UTF-8"?>
<testsuite xmlns:xsi="http://www.w3.org/2001/XMLSchema-instance" xsi:noNamespaceSchemaLocation="https://maven.apache.org/surefire/maven-surefire-plugin/xsd/surefire-test-report.xsd" name="hibernate.example.entity.MenuTest" time="0.115" tests="8" errors="0" skipped="0" failures="0">
  <properties>
[...]
</properties>
  <testcase name="testSetDescripcion" classname="hibernate.example.entity.MenuTest" time="0.038"/>
  <testcase name="testToString" classname="hibernate.example.entity.MenuTest" time="0.001"/>
  <testcase name="testMenuStringStringInt" classname="hibernate.example.entity.MenuTest" time="0.001"/>
  <testcase name="testGetDescripcion" classname="hibernate.example.entity.MenuTest" time="0.001"/>
  <testcase name="testSetNombre" classname="hibernate.example.entity.MenuTest" time="0.001"/>
  <testcase name="testSetPrecio" classname="hibernate.example.entity.MenuTest" time="0.001"/>
  <testcase name="testGetNombre" classname="hibernate.example.entity.MenuTest" time="0.001"/>
  <testcase name="testGetPrecio" classname="hibernate.example.entity.MenuTest" time="0.001"/>
</testsuite>